#
# There is insufficient memory for the Java Runtime Environment to continue.
# Native memory allocation (malloc) failed to allocate 1269328 bytes for Chunk::new
# Possible reasons:
#   The system is out of physical RAM or swap space
#   The process is running with CompressedOops enabled, and the Java Heap may be blocking the growth of the native heap
# Possible solutions:
#   Reduce memory load on the system
#   Increase physical memory or swap space
#   Check if swap backing store is full
#   Decrease Java heap size (-Xmx/-Xms)
#   Decrease number of Java threads
#   Decrease Java thread stack sizes (-Xss)
#   Set larger code cache with -XX:ReservedCodeCacheSize=
#   JVM is running with Unscaled Compressed Oops mode in which the Java heap is
#     placed in the first 4GB address space. The Java Heap base address is the
#     maximum limit for the native heap growth. Please use -XX:HeapBaseMinAddress
#     to set the Java Heap base and to place the Java Heap above 4GB virtual address.
# This output file may be truncated or incomplete.
#
#  Out of Memory Error (arena.cpp:191), pid=29984, tid=10284
#
# JRE version: OpenJDK Runtime Environment JBR-17.0.10+8-1207.12-jcef (17.0.10+8) (build 17.0.10+8-b1207.12)
# Java VM: OpenJDK 64-Bit Server VM JBR-17.0.10+8-1207.12-jcef (17.0.10+8-b1207.12, mixed mode, tiered, compressed oops, compressed class ptrs, g1 gc, windows-amd64)
# No core dump will be written. Minidumps are not enabled by default on client versions of Windows
#

---------------  S U M M A R Y ------------

Command Line: -Djava.rmi.server.hostname=127.0.0.1 -Duser.timezone=UTC -Xmx2048m -Xms128m -Djdbc.classpath=D:\dell\idea\IntelliJ IDEA 2024.1\plugins\DatabaseTools\lib\jdbc-console.jar;C:\Users\dell\AppData\Roaming\JetBrains\IntelliJIdea2024.1\jdbc-drivers\MySQL ConnectorJ\8.2.0\com\mysql\mysql-connector-j\8.2.0\mysql-connector-j-8.2.0.jar;C:\Users\dell\AppData\Roaming\JetBrains\IntelliJIdea2024.1\jdbc-drivers\MySQL ConnectorJ\8.2.0\com\google\protobuf\protobuf-java\3.21.9\protobuf-java-3.21.9.jar --add-exports=java.desktop/sun.awt=ALL-UNNAMED --add-exports=java.desktop/java.awt.peer=ALL-UNNAMED --add-opens=java.desktop/java.awt=ALL-UNNAMED --add-opens=jdk.unsupported/sun.misc=ALL-UNNAMED --add-opens=java.base/java.nio=ALL-UNNAMED --add-opens=java.base/java.util=ALL-UNNAMED -Dfile.encoding=UTF-8 com.intellij.database.remote.RemoteJdbcServer com.mysql.cj.jdbc.Driver

Host: Intel(R) Core(TM) i5-10200H CPU @ 2.40GHz, 8 cores, 7G,  Windows 11 , 64 bit Build 22621 (10.0.22621.3374)
Time: Sun Apr 28 21:13:58 2024  Windows 11 , 64 bit Build 22621 (10.0.22621.3374) elapsed time: 6999.194795 seconds (0d 1h 56m 39s)

---------------  T H R E A D  ---------------

Current thread (0x0000024da0887ca0):  JavaThread "C2 CompilerThread0" daemon [_thread_in_native, id=10284, stack(0x000000738f500000,0x000000738f600000)]


Current CompileTask:
C2:6999194 2533       4       java.io.ObjectOutputStream::writeClassDesc (60 bytes)

Stack: [0x000000738f500000,0x000000738f600000]
Native frames: (J=compiled Java code, j=interpreted, Vv=VM code, C=native code)
V  [jvm.dll+0x687989]
V  [jvm.dll+0x84116a]
V  [jvm.dll+0x842dae]
V  [jvm.dll+0x843413]
V  [jvm.dll+0x249ccf]
V  [jvm.dll+0xac524]
V  [jvm.dll+0xacb6c]
V  [jvm.dll+0x369cf7]
V  [jvm.dll+0x1bdd86]
V  [jvm.dll+0x21b9d9]
V  [jvm.dll+0x21aca1]
V  [jvm.dll+0x1a602d]
V  [jvm.dll+0x22ac2e]
V  [jvm.dll+0x228db5]
V  [jvm.dll+0x7f5417]
V  [jvm.dll+0x7ef81a]
V  [jvm.dll+0x686805]
C  [ucrtbase.dll+0x29333]
C  [KERNEL32.DLL+0x1257d]
C  [ntdll.dll+0x5aa48]


---------------  P R O C E S S  ---------------

Threads class SMR info:
_java_thread_list=0x0000024da57489e0, length=21, elements={
0x0000024d8659da90, 0x0000024da08092f0, 0x0000024da080b180, 0x0000024da0869010,
0x0000024da0882ce0, 0x0000024da08838a0, 0x0000024da0886270, 0x0000024da0887ca0,
0x0000024da08886a0, 0x0000024da08890a0, 0x0000024da0a13df0, 0x0000024da0a142d0,
0x0000024da0b3bf30, 0x0000024da0b08020, 0x0000024da0b4e9c0, 0x0000024da0b4eea0,
0x0000024da5169a40, 0x0000024da51813f0, 0x0000024da537d390, 0x0000024da537e7d0,
0x0000024da537ddb0
}

Java Threads: ( => current thread )
  0x0000024d8659da90 JavaThread "main" [_thread_blocked, id=24396, stack(0x000000738e800000,0x000000738e900000)]
  0x0000024da08092f0 JavaThread "Reference Handler" daemon [_thread_blocked, id=28768, stack(0x000000738ef00000,0x000000738f000000)]
  0x0000024da080b180 JavaThread "Finalizer" daemon [_thread_blocked, id=13952, stack(0x000000738f000000,0x000000738f100000)]
  0x0000024da0869010 JavaThread "Signal Dispatcher" daemon [_thread_blocked, id=17508, stack(0x000000738f100000,0x000000738f200000)]
  0x0000024da0882ce0 JavaThread "Attach Listener" daemon [_thread_blocked, id=17856, stack(0x000000738f200000,0x000000738f300000)]
  0x0000024da08838a0 JavaThread "Service Thread" daemon [_thread_blocked, id=9804, stack(0x000000738f300000,0x000000738f400000)]
  0x0000024da0886270 JavaThread "Monitor Deflation Thread" daemon [_thread_blocked, id=28256, stack(0x000000738f400000,0x000000738f500000)]
=>0x0000024da0887ca0 JavaThread "C2 CompilerThread0" daemon [_thread_in_native, id=10284, stack(0x000000738f500000,0x000000738f600000)]
  0x0000024da08886a0 JavaThread "C1 CompilerThread0" daemon [_thread_blocked, id=28096, stack(0x000000738f600000,0x000000738f700000)]
  0x0000024da08890a0 JavaThread "Sweeper thread" daemon [_thread_blocked, id=3392, stack(0x000000738f700000,0x000000738f800000)]
  0x0000024da0a13df0 JavaThread "Common-Cleaner" daemon [_thread_blocked, id=26976, stack(0x000000738f800000,0x000000738f900000)]
  0x0000024da0a142d0 JavaThread "Notification Thread" daemon [_thread_blocked, id=11960, stack(0x000000738f900000,0x000000738fa00000)]
  0x0000024da0b3bf30 JavaThread "mysql-cj-abandoned-connection-cleanup" daemon [_thread_blocked, id=19400, stack(0x000000738fc00000,0x000000738fd00000)]
  0x0000024da0b08020 JavaThread "RMI TCP Accept-57189" daemon [_thread_in_native, id=18212, stack(0x000000738fd00000,0x000000738fe00000)]
  0x0000024da0b4e9c0 JavaThread "RMI TCP Accept-0" daemon [_thread_in_native, id=20972, stack(0x000000738fe00000,0x000000738ff00000)]
  0x0000024da0b4eea0 JavaThread "RMI Reaper" [_thread_blocked, id=2440, stack(0x000000738ff00000,0x0000007390000000)]
  0x0000024da5169a40 JavaThread "RMI GC Daemon" daemon [_thread_blocked, id=27408, stack(0x0000007390000000,0x0000007390100000)]
  0x0000024da51813f0 JavaThread "RMI TCP Connection(1)-127.0.0.1" daemon [_thread_in_native, id=15796, stack(0x0000007390200000,0x0000007390300000)]
  0x0000024da537d390 JavaThread "RMI Scheduler(0)" daemon [_thread_blocked, id=4040, stack(0x0000007390300000,0x0000007390400000)]
  0x0000024da537e7d0 JavaThread "RMI TCP Connection(3)-127.0.0.1" daemon [_thread_in_native, id=4596, stack(0x0000007390400000,0x0000007390500000)]
  0x0000024da537ddb0 JavaThread "RMI RenewClean-[127.0.0.1:55620]" daemon [_thread_blocked, id=17280, stack(0x0000007390600000,0x0000007390700000)]

Other Threads:
  0x0000024da0807c50 VMThread "VM Thread" [stack: 0x000000738ee00000,0x000000738ef00000] [id=6824]
  0x0000024da0a147b0 WatcherThread [stack: 0x000000738fa00000,0x000000738fb00000] [id=31556]
  0x0000024d865f9a40 GCTaskThread "GC Thread#0" [stack: 0x000000738e900000,0x000000738ea00000] [id=10440]
  0x0000024da574a0b0 GCTaskThread "GC Thread#1" [stack: 0x0000007390700000,0x0000007390800000] [id=19756]
  0x0000024da5745f60 GCTaskThread "GC Thread#2" [stack: 0x0000007390800000,0x0000007390900000] [id=29044]
  0x0000024da5b713b0 GCTaskThread "GC Thread#3" [stack: 0x0000007390900000,0x0000007390a00000] [id=21956]
  0x0000024da5d9e4b0 GCTaskThread "GC Thread#4" [stack: 0x0000007390a00000,0x0000007390b00000] [id=26280]
  0x0000024da5637d90 GCTaskThread "GC Thread#5" [stack: 0x0000007390b00000,0x0000007390c00000] [id=27556]
  0x0000024da5638050 GCTaskThread "GC Thread#6" [stack: 0x0000007390c00000,0x0000007390d00000] [id=11104]
  0x0000024da6554490 GCTaskThread "GC Thread#7" [stack: 0x0000007390d00000,0x0000007390e00000] [id=27076]
  0x0000024d8660a990 ConcurrentGCThread "G1 Main Marker" [stack: 0x000000738ea00000,0x000000738eb00000] [id=29920]
  0x0000024d8660bb50 ConcurrentGCThread "G1 Conc#0" [stack: 0x000000738eb00000,0x000000738ec00000] [id=14308]
  0x0000024da5949c60 ConcurrentGCThread "G1 Conc#1" [stack: 0x0000007391000000,0x0000007391100000] [id=11316]
  0x0000024d866476c0 ConcurrentGCThread "G1 Refine#0" [stack: 0x000000738ec00000,0x000000738ed00000] [id=23444]
  0x0000024da5b71a80 ConcurrentGCThread "G1 Refine#1" [stack: 0x0000007390e00000,0x0000007390f00000] [id=6572]
  0x0000024da5b50a10 ConcurrentGCThread "G1 Refine#2" [stack: 0x0000007390f00000,0x0000007391000000] [id=32564]
  0x0000024d866480f0 ConcurrentGCThread "G1 Service" [stack: 0x000000738ed00000,0x000000738ee00000] [id=13268]

Threads with active compile tasks:
C2 CompilerThread0  6999247 2533       4       java.io.ObjectOutputStream::writeClassDesc (60 bytes)

VM state: not at safepoint (normal execution)

VM Mutex/Monitor currently owned by a thread: None

Heap address: 0x0000000080000000, size: 2048 MB, Compressed Oops mode: 32-bit

CDS archive(s) not mapped
Compressed class space mapped at: 0x0000000100000000-0x0000000140000000, reserved size: 1073741824
Narrow klass base: 0x0000000000000000, Narrow klass shift: 3, Narrow klass range: 0x140000000

GC Precious Log:
 CPUs: 8 total, 8 available
 Memory: 7985M
 Large Page Support: Disabled
 NUMA Support: Disabled
 Compressed Oops: Enabled (32-bit)
 Heap Region Size: 1M
 Heap Min Capacity: 128M
 Heap Initial Capacity: 128M
 Heap Max Capacity: 2G
 Pre-touch: Disabled
 Parallel Workers: 8
 Concurrent Workers: 2
 Concurrent Refinement Workers: 8
 Periodic GC: Disabled

Heap:
 garbage-first heap   total 131072K, used 15030K [0x0000000080000000, 0x0000000100000000)
  region size 1024K, 6 young (6144K), 0 survivors (0K)
 Metaspace       used 24560K, committed 24960K, reserved 1114112K
  class space    used 2579K, committed 2752K, reserved 1048576K

Heap Regions: E=young(eden), S=young(survivor), O=old, HS=humongous(starts), HC=humongous(continues), CS=collection set, F=free, OA=open archive, CA=closed archive, TAMS=top-at-mark-start (previous, next)
|   0|0x0000000080000000, 0x0000000080100000, 0x0000000080100000|100%|HS|  |TAMS 0x0000000080100000, 0x0000000080000000| Untracked 
|   1|0x0000000080100000, 0x0000000080200000, 0x0000000080200000|100%|HC|  |TAMS 0x0000000080200000, 0x0000000080100000| Untracked 
|   2|0x0000000080200000, 0x0000000080300000, 0x0000000080300000|100%|HC|  |TAMS 0x0000000080300000, 0x0000000080200000| Untracked 
|   3|0x0000000080300000, 0x0000000080400000, 0x0000000080400000|100%| O|  |TAMS 0x0000000080400000, 0x0000000080300000| Untracked 
|   4|0x0000000080400000, 0x0000000080500000, 0x0000000080500000|100%| O|  |TAMS 0x0000000080500000, 0x0000000080400000| Untracked 
|   5|0x0000000080500000, 0x00000000805fffe8, 0x0000000080600000| 99%| O|  |TAMS 0x0000000080500000, 0x0000000080500000| Untracked 
|   6|0x0000000080600000, 0x00000000806ffff8, 0x0000000080700000| 99%| O|  |TAMS 0x0000000080600000, 0x0000000080600000| Untracked 
|   7|0x0000000080700000, 0x0000000080800000, 0x0000000080800000|100%| O|  |TAMS 0x0000000080800000, 0x0000000080700000| Untracked 
|   8|0x0000000080800000, 0x00000000808a41f0, 0x0000000080900000| 64%| O|  |TAMS 0x0000000080800000, 0x0000000080800000| Untracked 
|   9|0x0000000080900000, 0x000000008094d268, 0x0000000080a00000| 30%| O|  |TAMS 0x0000000080900000, 0x0000000080900000| Untracked 
|  10|0x0000000080a00000, 0x0000000080a00000, 0x0000000080b00000|  0%| F|  |TAMS 0x0000000080a00000, 0x0000000080a00000| Untracked 
|  11|0x0000000080b00000, 0x0000000080b00000, 0x0000000080c00000|  0%| F|  |TAMS 0x0000000080b00000, 0x0000000080b00000| Untracked 
|  12|0x0000000080c00000, 0x0000000080c00000, 0x0000000080d00000|  0%| F|  |TAMS 0x0000000080c00000, 0x0000000080c00000| Untracked 
|  13|0x0000000080d00000, 0x0000000080d00000, 0x0000000080e00000|  0%| F|  |TAMS 0x0000000080d00000, 0x0000000080d00000| Untracked 
|  14|0x0000000080e00000, 0x0000000080e00000, 0x0000000080f00000|  0%| F|  |TAMS 0x0000000080e00000, 0x0000000080e00000| Untracked 
|  15|0x0000000080f00000, 0x0000000080f00000, 0x0000000081000000|  0%| F|  |TAMS 0x0000000080f00000, 0x0000000080f00000| Untracked 
|  16|0x0000000081000000, 0x0000000081000000, 0x0000000081100000|  0%| F|  |TAMS 0x0000000081000000, 0x0000000081000000| Untracked 
|  17|0x0000000081100000, 0x0000000081100000, 0x0000000081200000|  0%| F|  |TAMS 0x0000000081100000, 0x0000000081100000| Untracked 
|  18|0x0000000081200000, 0x0000000081200000, 0x0000000081300000|  0%| F|  |TAMS 0x0000000081200000, 0x0000000081200000| Untracked 
|  19|0x0000000081300000, 0x0000000081300000, 0x0000000081400000|  0%| F|  |TAMS 0x0000000081300000, 0x0000000081300000| Untracked 
|  20|0x0000000081400000, 0x0000000081400000, 0x0000000081500000|  0%| F|  |TAMS 0x0000000081400000, 0x0000000081400000| Untracked 
|  21|0x0000000081500000, 0x0000000081500000, 0x0000000081600000|  0%| F|  |TAMS 0x0000000081500000, 0x0000000081500000| Untracked 
|  22|0x0000000081600000, 0x0000000081600000, 0x0000000081700000|  0%| F|  |TAMS 0x0000000081600000, 0x0000000081600000| Untracked 
|  23|0x0000000081700000, 0x0000000081700000, 0x0000000081800000|  0%| F|  |TAMS 0x0000000081700000, 0x0000000081700000| Untracked 
|  24|0x0000000081800000, 0x0000000081800000, 0x0000000081900000|  0%| F|  |TAMS 0x0000000081800000, 0x0000000081800000| Untracked 
|  25|0x0000000081900000, 0x0000000081900000, 0x0000000081a00000|  0%| F|  |TAMS 0x0000000081900000, 0x0000000081900000| Untracked 
|  26|0x0000000081a00000, 0x0000000081a00000, 0x0000000081b00000|  0%| F|  |TAMS 0x0000000081a00000, 0x0000000081a00000| Untracked 
|  27|0x0000000081b00000, 0x0000000081b00000, 0x0000000081c00000|  0%| F|  |TAMS 0x0000000081b00000, 0x0000000081b00000| Untracked 
|  28|0x0000000081c00000, 0x0000000081c00000, 0x0000000081d00000|  0%| F|  |TAMS 0x0000000081c00000, 0x0000000081c00000| Untracked 
|  29|0x0000000081d00000, 0x0000000081d00000, 0x0000000081e00000|  0%| F|  |TAMS 0x0000000081d00000, 0x0000000081d00000| Untracked 
|  30|0x0000000081e00000, 0x0000000081e00000, 0x0000000081f00000|  0%| F|  |TAMS 0x0000000081e00000, 0x0000000081e00000| Untracked 
|  31|0x0000000081f00000, 0x0000000081f00000, 0x0000000082000000|  0%| F|  |TAMS 0x0000000081f00000, 0x0000000081f00000| Untracked 
|  32|0x0000000082000000, 0x0000000082000000, 0x0000000082100000|  0%| F|  |TAMS 0x0000000082000000, 0x0000000082000000| Untracked 
|  33|0x0000000082100000, 0x0000000082100000, 0x0000000082200000|  0%| F|  |TAMS 0x0000000082100000, 0x0000000082100000| Untracked 
|  34|0x0000000082200000, 0x0000000082200000, 0x0000000082300000|  0%| F|  |TAMS 0x0000000082200000, 0x0000000082200000| Untracked 
|  35|0x0000000082300000, 0x0000000082300000, 0x0000000082400000|  0%| F|  |TAMS 0x0000000082300000, 0x0000000082300000| Untracked 
|  36|0x0000000082400000, 0x0000000082400000, 0x0000000082500000|  0%| F|  |TAMS 0x0000000082400000, 0x0000000082400000| Untracked 
|  37|0x0000000082500000, 0x0000000082500000, 0x0000000082600000|  0%| F|  |TAMS 0x0000000082500000, 0x0000000082500000| Untracked 
|  38|0x0000000082600000, 0x0000000082600000, 0x0000000082700000|  0%| F|  |TAMS 0x0000000082600000, 0x0000000082600000| Untracked 
|  39|0x0000000082700000, 0x0000000082700000, 0x0000000082800000|  0%| F|  |TAMS 0x0000000082700000, 0x0000000082700000| Untracked 
|  40|0x0000000082800000, 0x0000000082800000, 0x0000000082900000|  0%| F|  |TAMS 0x0000000082800000, 0x0000000082800000| Untracked 
|  41|0x0000000082900000, 0x0000000082900000, 0x0000000082a00000|  0%| F|  |TAMS 0x0000000082900000, 0x0000000082900000| Untracked 
|  42|0x0000000082a00000, 0x0000000082a00000, 0x0000000082b00000|  0%| F|  |TAMS 0x0000000082a00000, 0x0000000082a00000| Untracked 
|  43|0x0000000082b00000, 0x0000000082b00000, 0x0000000082c00000|  0%| F|  |TAMS 0x0000000082b00000, 0x0000000082b00000| Untracked 
|  44|0x0000000082c00000, 0x0000000082cbc5b8, 0x0000000082d00000| 73%| O|  |TAMS 0x0000000082c00000, 0x0000000082c00000| Untracked 
|  45|0x0000000082d00000, 0x0000000082d00000, 0x0000000082e00000|  0%| F|  |TAMS 0x0000000082d00000, 0x0000000082d00000| Untracked 
|  46|0x0000000082e00000, 0x0000000082e00000, 0x0000000082f00000|  0%| F|  |TAMS 0x0000000082e00000, 0x0000000082e00000| Untracked 
|  47|0x0000000082f00000, 0x0000000082f00000, 0x0000000083000000|  0%| F|  |TAMS 0x0000000082f00000, 0x0000000082f00000| Untracked 
|  48|0x0000000083000000, 0x0000000083000000, 0x0000000083100000|  0%| F|  |TAMS 0x0000000083000000, 0x0000000083000000| Untracked 
|  49|0x0000000083100000, 0x0000000083100000, 0x0000000083200000|  0%| F|  |TAMS 0x0000000083100000, 0x0000000083100000| Untracked 
|  50|0x0000000083200000, 0x0000000083200000, 0x0000000083300000|  0%| F|  |TAMS 0x0000000083200000, 0x0000000083200000| Untracked 
|  51|0x0000000083300000, 0x0000000083300000, 0x0000000083400000|  0%| F|  |TAMS 0x0000000083300000, 0x0000000083300000| Untracked 
|  52|0x0000000083400000, 0x0000000083400000, 0x0000000083500000|  0%| F|  |TAMS 0x0000000083400000, 0x0000000083400000| Untracked 
|  53|0x0000000083500000, 0x0000000083500000, 0x0000000083600000|  0%| F|  |TAMS 0x0000000083500000, 0x0000000083500000| Untracked 
|  54|0x0000000083600000, 0x0000000083600000, 0x0000000083700000|  0%| F|  |TAMS 0x0000000083600000, 0x0000000083600000| Untracked 
|  55|0x0000000083700000, 0x0000000083700000, 0x0000000083800000|  0%| F|  |TAMS 0x0000000083700000, 0x0000000083700000| Untracked 
|  56|0x0000000083800000, 0x0000000083800000, 0x0000000083900000|  0%| F|  |TAMS 0x0000000083800000, 0x0000000083800000| Untracked 
|  57|0x0000000083900000, 0x0000000083900000, 0x0000000083a00000|  0%| F|  |TAMS 0x0000000083900000, 0x0000000083900000| Untracked 
|  58|0x0000000083a00000, 0x0000000083a00000, 0x0000000083b00000|  0%| F|  |TAMS 0x0000000083a00000, 0x0000000083a00000| Untracked 
|  59|0x0000000083b00000, 0x0000000083b00000, 0x0000000083c00000|  0%| F|  |TAMS 0x0000000083b00000, 0x0000000083b00000| Untracked 
|  60|0x0000000083c00000, 0x0000000083c00000, 0x0000000083d00000|  0%| F|  |TAMS 0x0000000083c00000, 0x0000000083c00000| Untracked 
|  61|0x0000000083d00000, 0x0000000083d00000, 0x0000000083e00000|  0%| F|  |TAMS 0x0000000083d00000, 0x0000000083d00000| Untracked 
|  62|0x0000000083e00000, 0x0000000083e00000, 0x0000000083f00000|  0%| F|  |TAMS 0x0000000083e00000, 0x0000000083e00000| Untracked 
|  63|0x0000000083f00000, 0x0000000083f00000, 0x0000000084000000|  0%| F|  |TAMS 0x0000000083f00000, 0x0000000083f00000| Untracked 
|  64|0x0000000084000000, 0x0000000084000000, 0x0000000084100000|  0%| F|  |TAMS 0x0000000084000000, 0x0000000084000000| Untracked 
|  65|0x0000000084100000, 0x0000000084100000, 0x0000000084200000|  0%| F|  |TAMS 0x0000000084100000, 0x0000000084100000| Untracked 
|  66|0x0000000084200000, 0x0000000084200000, 0x0000000084300000|  0%| F|  |TAMS 0x0000000084200000, 0x0000000084200000| Untracked 
|  67|0x0000000084300000, 0x0000000084300000, 0x0000000084400000|  0%| F|  |TAMS 0x0000000084300000, 0x0000000084300000| Untracked 
|  68|0x0000000084400000, 0x0000000084400000, 0x0000000084500000|  0%| F|  |TAMS 0x0000000084400000, 0x0000000084400000| Untracked 
|  69|0x0000000084500000, 0x0000000084500000, 0x0000000084600000|  0%| F|  |TAMS 0x0000000084500000, 0x0000000084500000| Untracked 
|  70|0x0000000084600000, 0x0000000084600000, 0x0000000084700000|  0%| F|  |TAMS 0x0000000084600000, 0x0000000084600000| Untracked 
|  71|0x0000000084700000, 0x0000000084700000, 0x0000000084800000|  0%| F|  |TAMS 0x0000000084700000, 0x0000000084700000| Untracked 
|  72|0x0000000084800000, 0x0000000084800000, 0x0000000084900000|  0%| F|  |TAMS 0x0000000084800000, 0x0000000084800000| Untracked 
|  73|0x0000000084900000, 0x0000000084900000, 0x0000000084a00000|  0%| F|  |TAMS 0x0000000084900000, 0x0000000084900000| Untracked 
|  74|0x0000000084a00000, 0x0000000084a00000, 0x0000000084b00000|  0%| F|  |TAMS 0x0000000084a00000, 0x0000000084a00000| Untracked 
|  75|0x0000000084b00000, 0x0000000084b00000, 0x0000000084c00000|  0%| F|  |TAMS 0x0000000084b00000, 0x0000000084b00000| Untracked 
|  76|0x0000000084c00000, 0x0000000084c00000, 0x0000000084d00000|  0%| F|  |TAMS 0x0000000084c00000, 0x0000000084c00000| Untracked 
|  77|0x0000000084d00000, 0x0000000084d00000, 0x0000000084e00000|  0%| F|  |TAMS 0x0000000084d00000, 0x0000000084d00000| Untracked 
|  78|0x0000000084e00000, 0x0000000084e00000, 0x0000000084f00000|  0%| F|  |TAMS 0x0000000084e00000, 0x0000000084e00000| Untracked 
|  79|0x0000000084f00000, 0x0000000084f00000, 0x0000000085000000|  0%| F|  |TAMS 0x0000000084f00000, 0x0000000084f00000| Untracked 
|  80|0x0000000085000000, 0x0000000085000000, 0x0000000085100000|  0%| F|  |TAMS 0x0000000085000000, 0x0000000085000000| Untracked 
|  81|0x0000000085100000, 0x0000000085100000, 0x0000000085200000|  0%| F|  |TAMS 0x0000000085100000, 0x0000000085100000| Untracked 
|  82|0x0000000085200000, 0x0000000085200000, 0x0000000085300000|  0%| F|  |TAMS 0x0000000085200000, 0x0000000085200000| Untracked 
|  83|0x0000000085300000, 0x0000000085300000, 0x0000000085400000|  0%| F|  |TAMS 0x0000000085300000, 0x0000000085300000| Untracked 
|  84|0x0000000085400000, 0x0000000085400000, 0x0000000085500000|  0%| F|  |TAMS 0x0000000085400000, 0x0000000085400000| Untracked 
|  85|0x0000000085500000, 0x0000000085500000, 0x0000000085600000|  0%| F|  |TAMS 0x0000000085500000, 0x0000000085500000| Untracked 
|  86|0x0000000085600000, 0x0000000085600000, 0x0000000085700000|  0%| F|  |TAMS 0x0000000085600000, 0x0000000085600000| Untracked 
|  87|0x0000000085700000, 0x0000000085700000, 0x0000000085800000|  0%| F|  |TAMS 0x0000000085700000, 0x0000000085700000| Untracked 
|  88|0x0000000085800000, 0x0000000085800000, 0x0000000085900000|  0%| F|  |TAMS 0x0000000085800000, 0x0000000085800000| Untracked 
|  89|0x0000000085900000, 0x0000000085900000, 0x0000000085a00000|  0%| F|  |TAMS 0x0000000085900000, 0x0000000085900000| Untracked 
|  90|0x0000000085a00000, 0x0000000085a00000, 0x0000000085b00000|  0%| F|  |TAMS 0x0000000085a00000, 0x0000000085a00000| Untracked 
|  91|0x0000000085b00000, 0x0000000085b00000, 0x0000000085c00000|  0%| F|  |TAMS 0x0000000085b00000, 0x0000000085b00000| Untracked 
|  92|0x0000000085c00000, 0x0000000085c00000, 0x0000000085d00000|  0%| F|  |TAMS 0x0000000085c00000, 0x0000000085c00000| Untracked 
|  93|0x0000000085d00000, 0x0000000085d00000, 0x0000000085e00000|  0%| F|  |TAMS 0x0000000085d00000, 0x0000000085d00000| Untracked 
|  94|0x0000000085e00000, 0x0000000085e00000, 0x0000000085f00000|  0%| F|  |TAMS 0x0000000085e00000, 0x0000000085e00000| Untracked 
|  95|0x0000000085f00000, 0x0000000085f00000, 0x0000000086000000|  0%| F|  |TAMS 0x0000000085f00000, 0x0000000085f00000| Untracked 
|  96|0x0000000086000000, 0x0000000086000000, 0x0000000086100000|  0%| F|  |TAMS 0x0000000086000000, 0x0000000086000000| Untracked 
|  97|0x0000000086100000, 0x0000000086100000, 0x0000000086200000|  0%| F|  |TAMS 0x0000000086100000, 0x0000000086100000| Untracked 
|  98|0x0000000086200000, 0x0000000086200000, 0x0000000086300000|  0%| F|  |TAMS 0x0000000086200000, 0x0000000086200000| Untracked 
|  99|0x0000000086300000, 0x0000000086300000, 0x0000000086400000|  0%| F|  |TAMS 0x0000000086300000, 0x0000000086300000| Untracked 
| 100|0x0000000086400000, 0x0000000086400000, 0x0000000086500000|  0%| F|  |TAMS 0x0000000086400000, 0x0000000086400000| Untracked 
| 101|0x0000000086500000, 0x0000000086500000, 0x0000000086600000|  0%| F|  |TAMS 0x0000000086500000, 0x0000000086500000| Untracked 
| 102|0x0000000086600000, 0x0000000086600000, 0x0000000086700000|  0%| F|  |TAMS 0x0000000086600000, 0x0000000086600000| Untracked 
| 103|0x0000000086700000, 0x0000000086700000, 0x0000000086800000|  0%| F|  |TAMS 0x0000000086700000, 0x0000000086700000| Untracked 
| 104|0x0000000086800000, 0x0000000086800000, 0x0000000086900000|  0%| F|  |TAMS 0x0000000086800000, 0x0000000086800000| Untracked 
| 105|0x0000000086900000, 0x0000000086900000, 0x0000000086a00000|  0%| F|  |TAMS 0x0000000086900000, 0x0000000086900000| Untracked 
| 106|0x0000000086a00000, 0x0000000086a00000, 0x0000000086b00000|  0%| F|  |TAMS 0x0000000086a00000, 0x0000000086a00000| Untracked 
| 107|0x0000000086b00000, 0x0000000086b00000, 0x0000000086c00000|  0%| F|  |TAMS 0x0000000086b00000, 0x0000000086b00000| Untracked 
| 108|0x0000000086c00000, 0x0000000086c00000, 0x0000000086d00000|  0%| F|  |TAMS 0x0000000086c00000, 0x0000000086c00000| Untracked 
| 109|0x0000000086d00000, 0x0000000086d00000, 0x0000000086e00000|  0%| F|  |TAMS 0x0000000086d00000, 0x0000000086d00000| Untracked 
| 110|0x0000000086e00000, 0x0000000086e00000, 0x0000000086f00000|  0%| F|  |TAMS 0x0000000086e00000, 0x0000000086e00000| Untracked 
| 111|0x0000000086f00000, 0x0000000086f00000, 0x0000000087000000|  0%| F|  |TAMS 0x0000000086f00000, 0x0000000086f00000| Untracked 
| 112|0x0000000087000000, 0x0000000087000000, 0x0000000087100000|  0%| F|  |TAMS 0x0000000087000000, 0x0000000087000000| Untracked 
| 113|0x0000000087100000, 0x0000000087100000, 0x0000000087200000|  0%| F|  |TAMS 0x0000000087100000, 0x0000000087100000| Untracked 
| 114|0x0000000087200000, 0x0000000087200000, 0x0000000087300000|  0%| F|  |TAMS 0x0000000087200000, 0x0000000087200000| Untracked 
| 115|0x0000000087300000, 0x0000000087300000, 0x0000000087400000|  0%| F|  |TAMS 0x0000000087300000, 0x0000000087300000| Untracked 
| 116|0x0000000087400000, 0x0000000087400000, 0x0000000087500000|  0%| F|  |TAMS 0x0000000087400000, 0x0000000087400000| Untracked 
| 117|0x0000000087500000, 0x0000000087500000, 0x0000000087600000|  0%| F|  |TAMS 0x0000000087500000, 0x0000000087500000| Untracked 
| 118|0x0000000087600000, 0x0000000087600000, 0x0000000087700000|  0%| F|  |TAMS 0x0000000087600000, 0x0000000087600000| Untracked 
| 119|0x0000000087700000, 0x0000000087700000, 0x0000000087800000|  0%| F|  |TAMS 0x0000000087700000, 0x0000000087700000| Untracked 
| 120|0x0000000087800000, 0x0000000087800000, 0x0000000087900000|  0%| F|  |TAMS 0x0000000087800000, 0x0000000087800000| Untracked 
| 121|0x0000000087900000, 0x0000000087900000, 0x0000000087a00000|  0%| F|  |TAMS 0x0000000087900000, 0x0000000087900000| Untracked 
| 122|0x0000000087a00000, 0x0000000087af6ab0, 0x0000000087b00000| 96%| E|  |TAMS 0x0000000087a00000, 0x0000000087a00000| Complete 
| 123|0x0000000087b00000, 0x0000000087c00000, 0x0000000087c00000|100%| E|CS|TAMS 0x0000000087b00000, 0x0000000087b00000| Complete 
| 124|0x0000000087c00000, 0x0000000087d00000, 0x0000000087d00000|100%| E|CS|TAMS 0x0000000087c00000, 0x0000000087c00000| Complete 
| 125|0x0000000087d00000, 0x0000000087e00000, 0x0000000087e00000|100%| E|CS|TAMS 0x0000000087d00000, 0x0000000087d00000| Complete 
| 126|0x0000000087e00000, 0x0000000087f00000, 0x0000000087f00000|100%| E|CS|TAMS 0x0000000087e00000, 0x0000000087e00000| Complete 
| 127|0x0000000087f00000, 0x0000000088000000, 0x0000000088000000|100%| E|CS|TAMS 0x0000000087f00000, 0x0000000087f00000| Complete 

Card table byte_map: [0x0000024d99440000,0x0000024d99840000] _byte_map_base: 0x0000024d99040000

Marking Bits (Prev, Next): (CMBitMap*) 0x0000024d865fa060, (CMBitMap*) 0x0000024d865fa0a0
 Prev Bits: [0x0000024d99c40000, 0x0000024d9bc40000)
 Next Bits: [0x0000024d9bc40000, 0x0000024d9dc40000)

Polling page: 0x0000024d844c0000

Metaspace:

Usage:
  Non-class:     21.47 MB used.
      Class:      2.52 MB used.
       Both:     23.99 MB used.

Virtual space:
  Non-class space:       64.00 MB reserved,      21.69 MB ( 34%) committed,  1 nodes.
      Class space:        1.00 GB reserved,       2.69 MB ( <1%) committed,  1 nodes.
             Both:        1.06 GB reserved,      24.38 MB (  2%) committed. 

Chunk freelists:
   Non-Class:  10.21 MB
       Class:  13.17 MB
        Both:  23.39 MB

MaxMetaspaceSize: unlimited
CompressedClassSpaceSize: 1.00 GB
Initial GC threshold: 21.00 MB
Current GC threshold: 40.56 MB
CDS: off
MetaspaceReclaimPolicy: balanced
 - commit_granule_bytes: 65536.
 - commit_granule_words: 8192.
 - virtual_space_node_default_size: 8388608.
 - enlarge_chunks_in_place: 1.
 - new_chunks_are_fully_committed: 0.
 - uncommit_free_chunks: 1.
 - use_allocation_guard: 0.
 - handle_deallocations: 1.


Internal statistics:

num_allocs_failed_limit: 3.
num_arena_births: 338.
num_arena_deaths: 28.
num_vsnodes_births: 2.
num_vsnodes_deaths: 0.
num_space_committed: 390.
num_space_uncommitted: 0.
num_chunks_returned_to_freelist: 40.
num_chunks_taken_from_freelist: 737.
num_chunk_merges: 2.
num_chunk_splits: 428.
num_chunks_enlarged: 211.
num_inconsistent_stats: 0.

CodeHeap 'non-profiled nmethods': size=120000Kb used=1034Kb max_used=1034Kb free=118965Kb
 bounds [0x0000024d917e0000, 0x0000024d91a50000, 0x0000024d98d10000]
CodeHeap 'profiled nmethods': size=120000Kb used=5043Kb max_used=5043Kb free=114956Kb
 bounds [0x0000024d89d10000, 0x0000024d8a200000, 0x0000024d91240000]
CodeHeap 'non-nmethods': size=5760Kb used=1242Kb max_used=1325Kb free=4517Kb
 bounds [0x0000024d91240000, 0x0000024d914b0000, 0x0000024d917e0000]
 total_blobs=3084 nmethods=2530 adapters=467
 compilation: enabled
              stopped_count=0, restarted_count=0
 full_count=0

Compilation events (20 events):
Event: 6583.472 Thread 0x0000024da08886a0 nmethod 2523 0x0000024d8a1fbb10 code [0x0000024d8a1fbca0, 0x0000024d8a1fbe98]
Event: 6755.744 Thread 0x0000024da0887ca0 2524       4       sun.rmi.transport.StreamRemoteCall::getInputStream (60 bytes)
Event: 6755.841 Thread 0x0000024da0887ca0 nmethod 2524 0x0000024d918d8e10 code [0x0000024d918d90c0, 0x0000024d918dbc70]
Event: 6802.776 Thread 0x0000024da0887ca0 2525   !   4       java.util.zip.ZipFile$Source::getEntryPos (195 bytes)
Event: 6802.794 Thread 0x0000024da0887ca0 nmethod 2525 0x0000024d918dcd10 code [0x0000024d918dcee0, 0x0000024d918dd908]
Event: 6807.779 Thread 0x0000024da0887ca0 2526   !   4       java.util.zip.ZipFile::getEntry (59 bytes)
Event: 6807.798 Thread 0x0000024da0887ca0 nmethod 2526 0x0000024d918de190 code [0x0000024d918de3a0, 0x0000024d918df2b0]
Event: 6812.797 Thread 0x0000024da0887ca0 2527   !   4       jdk.internal.loader.URLClassPath$JarLoader::ensureOpen (36 bytes)
Event: 6812.799 Thread 0x0000024da0887ca0 nmethod 2527 0x0000024d918dfb10 code [0x0000024d918dfc80, 0x0000024d918dfd18]
Event: 6817.810 Thread 0x0000024da0887ca0 2528       4       java.util.jar.JarFile::getEntry (35 bytes)
Event: 6817.814 Thread 0x0000024da0887ca0 nmethod 2528 0x0000024d918dfe10 code [0x0000024d918dffe0, 0x0000024d918e0600]
Event: 6847.843 Thread 0x0000024da0887ca0 2529   !   4       jdk.internal.loader.URLClassPath$JarLoader::getResource (65 bytes)
Event: 6847.861 Thread 0x0000024da0887ca0 nmethod 2529 0x0000024d918e0910 code [0x0000024d918e0bc0, 0x0000024d918e1d58]
Event: 6883.470 Thread 0x0000024da08886a0 2530       3       java.net.URI$Parser::at (23 bytes)
Event: 6883.471 Thread 0x0000024da08886a0 nmethod 2530 0x0000024d8a1fbf90 code [0x0000024d8a1fc180, 0x0000024d8a1fc7b8]
Event: 6933.682 Thread 0x0000024da08886a0 2531       3       java.rmi.dgc.VMID::hashCode (8 bytes)
Event: 6933.683 Thread 0x0000024da08886a0 nmethod 2531 0x0000024d8a1fca90 code [0x0000024d8a1fcc20, 0x0000024d8a1fcd98]
Event: 6938.626 Thread 0x0000024da0887ca0 2532       4       java.util.concurrent.locks.AbstractQueuedSynchronizer::signalNext (34 bytes)
Event: 6938.629 Thread 0x0000024da0887ca0 nmethod 2532 0x0000024d918e2790 code [0x0000024d918e2920, 0x0000024d918e2a28]
Event: 6999.020 Thread 0x0000024da0887ca0 2533       4       java.io.ObjectOutputStream::writeClassDesc (60 bytes)

GC Heap History (6 events):
Event: 1.627 GC heap before
{Heap before GC invocations=0 (full 0):
 garbage-first heap   total 131072K, used 25600K [0x0000000080000000, 0x0000000100000000)
  region size 1024K, 23 young (23552K), 0 survivors (0K)
 Metaspace       used 19491K, committed 19840K, reserved 1114112K
  class space    used 2072K, committed 2240K, reserved 1048576K
}
Event: 1.636 GC heap after
{Heap after GC invocations=1 (full 0):
 garbage-first heap   total 131072K, used 8804K [0x0000000080000000, 0x0000000100000000)
  region size 1024K, 3 young (3072K), 3 survivors (3072K)
 Metaspace       used 19491K, committed 19840K, reserved 1114112K
  class space    used 2072K, committed 2240K, reserved 1048576K
}
Event: 1.757 GC heap before
{Heap before GC invocations=1 (full 0):
 garbage-first heap   total 131072K, used 9828K [0x0000000080000000, 0x0000000100000000)
  region size 1024K, 5 young (5120K), 3 survivors (3072K)
 Metaspace       used 21236K, committed 21504K, reserved 1114112K
  class space    used 2300K, committed 2432K, reserved 1048576K
}
Event: 1.762 GC heap after
{Heap after GC invocations=2 (full 0):
 garbage-first heap   total 131072K, used 9464K [0x0000000080000000, 0x0000000100000000)
  region size 1024K, 1 young (1024K), 1 survivors (1024K)
 Metaspace       used 21236K, committed 21504K, reserved 1114112K
  class space    used 2300K, committed 2432K, reserved 1048576K
}
Event: 3882.253 GC heap before
{Heap before GC invocations=3 (full 0):
 garbage-first heap   total 131072K, used 28920K [0x0000000080000000, 0x0000000100000000)
  region size 1024K, 21 young (21504K), 1 survivors (1024K)
 Metaspace       used 24576K, committed 24896K, reserved 1114112K
  class space    used 2587K, committed 2752K, reserved 1048576K
}
Event: 3882.376 GC heap after
{Heap after GC invocations=4 (full 1):
 garbage-first heap   total 131072K, used 9910K [0x0000000080000000, 0x0000000100000000)
  region size 1024K, 0 young (0K), 0 survivors (0K)
 Metaspace       used 24538K, committed 24896K, reserved 1114112K
  class space    used 2579K, committed 2752K, reserved 1048576K
}

Dll operation events (1 events):
Event: 0.018 Loaded shared library D:\dell\idea\IntelliJ IDEA 2024.1\jbr\bin\java.dll

Deoptimization events (20 events):
Event: 174.332 Thread 0x0000024da537e7d0 Uncommon trap: trap_request=0xffffffc6 fr.pc=0x0000024d9186376c relative=0x00000000000004ac
Event: 174.332 Thread 0x0000024da537e7d0 Uncommon trap: reason=bimorphic_or_optimized_type_check action=maybe_recompile pc=0x0000024d9186376c method=java.util.regex.Pattern$SliceI.match(Ljava/util/regex/Matcher;ILjava/lang/CharSequence;)Z @ 92 c2
Event: 174.332 Thread 0x0000024da537e7d0 DEOPT PACKING pc=0x0000024d9186376c sp=0x00000073904fd990
Event: 174.332 Thread 0x0000024da537e7d0 DEOPT UNPACKING pc=0x0000024d912969a3 sp=0x00000073904fd928 mode 2
Event: 174.336 Thread 0x0000024da537e7d0 Uncommon trap: trap_request=0xffffff45 fr.pc=0x0000024d9186f4ec relative=0x00000000000006ac
Event: 174.336 Thread 0x0000024da537e7d0 Uncommon trap: reason=unstable_if action=reinterpret pc=0x0000024d9186f4ec method=java.lang.AbstractStringBuilder.append(Ljava/lang/String;)Ljava/lang/AbstractStringBuilder; @ 1 c2
Event: 174.336 Thread 0x0000024da537e7d0 DEOPT PACKING pc=0x0000024d9186f4ec sp=0x00000073904fdb30
Event: 174.336 Thread 0x0000024da537e7d0 DEOPT UNPACKING pc=0x0000024d912969a3 sp=0x00000073904fdb08 mode 2
Event: 174.544 Thread 0x0000024da537e7d0 Uncommon trap: trap_request=0xffffff45 fr.pc=0x0000024d91842d48 relative=0x0000000000000048
Event: 174.544 Thread 0x0000024da537e7d0 Uncommon trap: reason=unstable_if action=reinterpret pc=0x0000024d91842d48 method=java.lang.CharacterData.of(I)Ljava/lang/CharacterData; @ 4 c2
Event: 174.544 Thread 0x0000024da537e7d0 DEOPT PACKING pc=0x0000024d91842d48 sp=0x00000073904fcb00
Event: 174.544 Thread 0x0000024da537e7d0 DEOPT UNPACKING pc=0x0000024d912969a3 sp=0x00000073904fca98 mode 2
Event: 945.717 Thread 0x0000024da537d8a0 Uncommon trap: trap_request=0xffffff45 fr.pc=0x0000024d9184e93c relative=0x000000000000017c
Event: 945.717 Thread 0x0000024da537d8a0 Uncommon trap: reason=unstable_if action=reinterpret pc=0x0000024d9184e93c method=java.util.concurrent.ConcurrentHashMap.addCount(JI)V @ 34 c2
Event: 945.717 Thread 0x0000024da537d8a0 DEOPT PACKING pc=0x0000024d9184e93c sp=0x000000738fbff090
Event: 945.718 Thread 0x0000024da537d8a0 DEOPT UNPACKING pc=0x0000024d912969a3 sp=0x000000738fbfeff0 mode 2
Event: 3583.387 Thread 0x0000024da537ddb0 Uncommon trap: trap_request=0xffffff45 fr.pc=0x0000024d918af9b8 relative=0x0000000000000038
Event: 3583.387 Thread 0x0000024da537ddb0 Uncommon trap: reason=unstable_if action=reinterpret pc=0x0000024d918af9b8 method=java.util.concurrent.locks.AbstractQueuedSynchronizer.signalNext(Ljava/util/concurrent/locks/AbstractQueuedSynchronizer$Node;)V @ 10 c2
Event: 3583.387 Thread 0x0000024da537ddb0 DEOPT PACKING pc=0x0000024d918af9b8 sp=0x00000073906fef20
Event: 3583.388 Thread 0x0000024da537ddb0 DEOPT UNPACKING pc=0x0000024d912969a3 sp=0x00000073906feea0 mode 2

Classes unloaded (14 events):
Event: 3882.302 Thread 0x0000024da0807c50 Unloading class 0x0000000100155000 'jdk/internal/reflect/GeneratedSerializationConstructorAccessor16'
Event: 3882.302 Thread 0x0000024da0807c50 Unloading class 0x0000000100154800 'jdk/internal/reflect/GeneratedSerializationConstructorAccessor14'
Event: 3882.302 Thread 0x0000024da0807c50 Unloading class 0x0000000100153c00 'jdk/internal/reflect/GeneratedSerializationConstructorAccessor11'
Event: 3882.302 Thread 0x0000024da0807c50 Unloading class 0x0000000100153800 'jdk/internal/reflect/GeneratedSerializationConstructorAccessor10'
Event: 3882.302 Thread 0x0000024da0807c50 Unloading class 0x0000000100152c00 'jdk/internal/reflect/GeneratedSerializationConstructorAccessor7'
Event: 3882.302 Thread 0x0000024da0807c50 Unloading class 0x0000000100152800 'jdk/internal/reflect/GeneratedSerializationConstructorAccessor6'
Event: 3882.302 Thread 0x0000024da0807c50 Unloading class 0x0000000100151800 'jdk/internal/reflect/GeneratedSerializationConstructorAccessor1'
Event: 3882.302 Thread 0x0000024da0807c50 Unloading class 0x0000000100150800 'java/lang/invoke/LambdaForm$MH+0x0000000100150800'
Event: 3882.302 Thread 0x0000024da0807c50 Unloading class 0x0000000100150000 'java/lang/invoke/LambdaForm$MH+0x0000000100150000'
Event: 3882.302 Thread 0x0000024da0807c50 Unloading class 0x000000010014f800 'java/lang/invoke/LambdaForm$MH+0x000000010014f800'
Event: 3882.302 Thread 0x0000024da0807c50 Unloading class 0x000000010014f000 'java/lang/invoke/LambdaForm$MH+0x000000010014f000'
Event: 3882.302 Thread 0x0000024da0807c50 Unloading class 0x000000010014e800 'java/lang/invoke/LambdaForm$MH+0x000000010014e800'
Event: 3882.302 Thread 0x0000024da0807c50 Unloading class 0x000000010014e000 'java/lang/invoke/LambdaForm$MH+0x000000010014e000'
Event: 3882.302 Thread 0x0000024da0807c50 Unloading class 0x000000010014d800 'java/lang/invoke/LambdaForm$MH+0x000000010014d800'

Classes redefined (0 events):
No events

Internal exceptions (20 events):
Event: 0.799 Thread 0x0000024d8659da90 Exception <a 'java/lang/NoSuchMethodError'{0x00000000878bc700}: 'java.lang.Object java.lang.invoke.Invokers$Holder.linkToTargetMethod(java.lang.Object, long, java.lang.Object)'> (0x00000000878bc700) 
thrown [s\src\hotspot\share\interpreter\linkResolver.cpp, line 771]
Event: 0.992 Thread 0x0000024da537e7d0 Exception <a 'java/lang/NoSuchMethodError'{0x00000000876236f8}: static [B.<clinit>()V> (0x00000000876236f8) 
thrown [s\src\hotspot\share\prims\jni.cpp, line 1122]
Event: 0.992 Thread 0x0000024da537d8a0 Exception <a 'java/lang/NoSuchMethodError'{0x000000008769cd20}: static [B.<clinit>()V> (0x000000008769cd20) 
thrown [s\src\hotspot\share\prims\jni.cpp, line 1122]
Event: 1.047 Thread 0x0000024da537e7d0 Exception <a 'java/lang/NoSuchMethodError'{0x00000000876510d8}: static [Ljava/rmi/server/ObjID;.<clinit>()V> (0x00000000876510d8) 
thrown [s\src\hotspot\share\prims\jni.cpp, line 1122]
Event: 1.049 Thread 0x0000024da537ddb0 Exception <a 'java/lang/InterruptedException'{0x00000000876ee090}> (0x00000000876ee090) 
thrown [s\src\hotspot\share\runtime\objectMonitor.cpp, line 1658]
Event: 1.050 Thread 0x0000024da537e7d0 Exception <a 'java/lang/NoSuchMethodError'{0x0000000087658a28}: 'void java.lang.invoke.DirectMethodHandle$Holder.invokeSpecial(java.lang.Object, java.lang.Object, java.lang.Object)'> (0x0000000087658a28) 
thrown [s\src\hotspot\share\interpreter\linkResolver.cpp, line 771]
Event: 1.050 Thread 0x0000024da537e7d0 Exception <a 'java/lang/NoSuchMethodError'{0x000000008765bf90}: 'void java.lang.invoke.Invokers$Holder.invoke_MT(java.lang.Object, java.lang.Object, java.lang.Object)'> (0x000000008765bf90) 
thrown [s\src\hotspot\share\interpreter\linkResolver.cpp, line 771]
Event: 1.050 Thread 0x0000024da537ddb0 Exception <a 'java/lang/NoSuchMethodError'{0x00000000876f6838}: 'java.lang.Object java.lang.invoke.DirectMethodHandle$Holder.newInvokeSpecial(java.lang.Object, java.lang.Object, int, java.lang.Object, long)'> (0x00000000876f6838) 
thrown [s\src\hotspot\share\interpreter\linkResolver.cpp, line 771]
Event: 1.197 Thread 0x0000024da537e7d0 Exception <a 'java/lang/NoSuchMethodError'{0x00000000873c0dc8}: 'java.lang.Object java.lang.invoke.DirectMethodHandle$Holder.invokeInterface(java.lang.Object, java.lang.Object)'> (0x00000000873c0dc8) 
thrown [s\src\hotspot\share\interpreter\linkResolver.cpp, line 771]
Event: 1.267 Thread 0x0000024da537e7d0 Exception <a 'java/lang/NoSuchMethodError'{0x0000000087102b60}: 'java.lang.Object java.lang.invoke.DirectMethodHandle$Holder.invokeVirtual(java.lang.Object, java.lang.Object, java.lang.Object)'> (0x0000000087102b60) 
thrown [s\src\hotspot\share\interpreter\linkResolver.cpp, line 771]
Event: 1.525 Thread 0x0000024da537e7d0 Exception <a 'sun/nio/fs/WindowsException'{0x0000000086a7b6f8}> (0x0000000086a7b6f8) 
thrown [s\src\hotspot\share\prims\jni.cpp, line 531]
Event: 1.542 Thread 0x0000024da537e7d0 Exception <a 'java/lang/NoSuchMethodError'{0x0000000086a9f910}: 'int java.lang.invoke.DirectMethodHandle$Holder.invokeStaticInit(java.lang.Object, java.lang.Object, java.lang.Object, java.lang.Object)'> (0x0000000086a9f910) 
thrown [s\src\hotspot\share\interpreter\linkResolver.cpp, line 771]
Event: 1.542 Thread 0x0000024da537e7d0 Exception <a 'java/lang/IncompatibleClassChangeError'{0x0000000086aa8d60}: Found class java.lang.Object, but interface was expected> (0x0000000086aa8d60) 
thrown [s\src\hotspot\share\interpreter\linkResolver.cpp, line 838]
Event: 1.543 Thread 0x0000024da537e7d0 Exception <a 'java/lang/NoSuchMethodError'{0x0000000086aae1c8}: 'int java.lang.invoke.DirectMethodHandle$Holder.invokeStaticInit(java.lang.Object, java.lang.Object)'> (0x0000000086aae1c8) 
thrown [s\src\hotspot\share\interpreter\linkResolver.cpp, line 771]
Event: 1.914 Thread 0x0000024da537e7d0 Implicit null exception at 0x0000024d918599f2 to 0x0000024d9185a03c
Event: 1.915 Thread 0x0000024da537e7d0 Exception <a 'java/lang/NoSuchMethodError'{0x0000000087b76790}: 'java.lang.Object java.lang.invoke.DirectMethodHandle$Holder.newInvokeSpecial(java.lang.Object, java.lang.Object, int)'> (0x0000000087b76790) 
thrown [s\src\hotspot\share\interpreter\linkResolver.cpp, line 771]
Event: 2.459 Thread 0x0000024da537e7d0 Exception <a 'java/lang/NoSuchMethodError'{0x000000008768aa40}: static Lcom/intellij/database/remote/jdbc/RemoteResultSet$DataRetrievingOptions;.<clinit>()V> (0x000000008768aa40) 
thrown [s\src\hotspot\share\prims\jni.cpp, line 1122]
Event: 2.471 Thread 0x0000024da537e7d0 Exception <a 'java/lang/NoSuchMethodError'{0x00000000876a4128}: static [Ljava/lang/Object;.<clinit>()V> (0x00000000876a4128) 
thrown [s\src\hotspot\share\prims\jni.cpp, line 1122]
Event: 174.336 Thread 0x0000024da537e7d0 Implicit null exception at 0x0000024d9186ee72 to 0x0000024d9186f4d4
Event: 174.552 Thread 0x0000024da537e7d0 Exception <a 'java/lang/NoSuchMethodError'{0x00000000871b9fa8}: static Lcom/intellij/database/remote/jdbc/impl/UnparsedValue;.<clinit>()V> (0x00000000871b9fa8) 
thrown [s\src\hotspot\share\prims\jni.cpp, line 1122]

VM Operations (20 events):
Event: 2471.483 Executing VM operation: Cleanup
Event: 2471.483 Executing VM operation: Cleanup done
Event: 2499.721 Executing VM operation: Cleanup
Event: 2499.721 Executing VM operation: Cleanup done
Event: 2500.731 Executing VM operation: Cleanup
Event: 2500.731 Executing VM operation: Cleanup done
Event: 3486.563 Executing VM operation: Cleanup
Event: 3486.565 Executing VM operation: Cleanup done
Event: 3585.300 Executing VM operation: Cleanup
Event: 3585.300 Executing VM operation: Cleanup done
Event: 3664.921 Executing VM operation: Cleanup
Event: 3664.921 Executing VM operation: Cleanup done
Event: 3882.251 Executing VM operation: G1CollectFull
Event: 3882.376 Executing VM operation: G1CollectFull done
Event: 4483.830 Executing VM operation: Cleanup
Event: 4483.831 Executing VM operation: Cleanup done
Event: 5810.136 Executing VM operation: Cleanup
Event: 5810.137 Executing VM operation: Cleanup done
Event: 6823.475 Executing VM operation: Cleanup
Event: 6823.476 Executing VM operation: Cleanup done

Events (20 events):
Event: 174.553 loading class java/math/BigDecimal$UnsafeHolder
Event: 174.553 loading class java/math/BigDecimal$UnsafeHolder done
Event: 174.555 loading class java/io/ObjectOutputStream$PutFieldImpl
Event: 174.555 loading class java/io/ObjectOutputStream$PutField
Event: 174.555 loading class java/io/ObjectOutputStream$PutField done
Event: 174.555 loading class java/io/ObjectOutputStream$PutFieldImpl done
Event: 945.686 Thread 0x0000024da5380630 Thread added: 0x0000024da5380630
Event: 945.695 Thread 0x0000024da5380b40 Thread added: 0x0000024da5380b40
Event: 945.698 Thread 0x0000024da537e2c0 Thread added: 0x0000024da537e2c0
Event: 945.699 Thread 0x0000024da537d8a0 Thread added: 0x0000024da537d8a0
Event: 945.700 Thread 0x0000024da537ece0 Thread added: 0x0000024da537ece0
Event: 945.701 Thread 0x0000024da537f1f0 Thread added: 0x0000024da537f1f0
Event: 945.704 Thread 0x0000024da537f700 Thread added: 0x0000024da537f700
Event: 945.715 Thread 0x0000024da5380b40 Thread exited: 0x0000024da5380b40
Event: 945.716 Thread 0x0000024da537ece0 Thread exited: 0x0000024da537ece0
Event: 945.717 Thread 0x0000024da537e2c0 Thread exited: 0x0000024da537e2c0
Event: 945.721 Thread 0x0000024da537f700 Thread exited: 0x0000024da537f700
Event: 945.721 Thread 0x0000024da5380630 Thread exited: 0x0000024da5380630
Event: 945.721 Thread 0x0000024da537f1f0 Thread exited: 0x0000024da537f1f0
Event: 945.723 Thread 0x0000024da537d8a0 Thread exited: 0x0000024da537d8a0


Dynamic libraries:
0x00007ff6639c0000 - 0x00007ff6639ca000 	D:\dell\idea\IntelliJ IDEA 2024.1\jbr\bin\java.exe
0x00007ff928c30000 - 0x00007ff928e46000 	C:\WINDOWS\SYSTEM32\ntdll.dll
0x00007ff928020000 - 0x00007ff9280e4000 	C:\WINDOWS\System32\KERNEL32.DLL
0x00007ff925f80000 - 0x00007ff926327000 	C:\WINDOWS\System32\KERNELBASE.dll
0x00007ff926480000 - 0x00007ff926591000 	C:\WINDOWS\System32\ucrtbase.dll
0x00007ff90d060000 - 0x00007ff90d077000 	D:\dell\idea\IntelliJ IDEA 2024.1\jbr\bin\jli.dll
0x00007ff90f9f0000 - 0x00007ff90fa0b000 	D:\dell\idea\IntelliJ IDEA 2024.1\jbr\bin\VCRUNTIME140.dll
0x00007ff926dd0000 - 0x00007ff926f7e000 	C:\WINDOWS\System32\USER32.dll
0x00007ff925f50000 - 0x00007ff925f76000 	C:\WINDOWS\System32\win32u.dll
0x00007ff928310000 - 0x00007ff928339000 	C:\WINDOWS\System32\GDI32.dll
0x00007ff9266d0000 - 0x00007ff9267e9000 	C:\WINDOWS\System32\gdi32full.dll
0x00007ff9263e0000 - 0x00007ff92647a000 	C:\WINDOWS\System32\msvcp_win.dll
0x00007ff90eb20000 - 0x00007ff90edb3000 	C:\WINDOWS\WinSxS\amd64_microsoft.windows.common-controls_6595b64144ccf1df_6.0.22621.3235_none_270f74e173860f98\COMCTL32.dll
0x00007ff927b70000 - 0x00007ff927c17000 	C:\WINDOWS\System32\msvcrt.dll
0x00007ff9288c0000 - 0x00007ff9288f1000 	C:\WINDOWS\System32\IMM32.DLL
0x00007ff918b20000 - 0x00007ff918b2c000 	D:\dell\idea\IntelliJ IDEA 2024.1\jbr\bin\vcruntime140_1.dll
0x00007ff90ca30000 - 0x00007ff90cabd000 	D:\dell\idea\IntelliJ IDEA 2024.1\jbr\bin\msvcp140.dll
0x00007ff8dd440000 - 0x00007ff8de0c2000 	D:\dell\idea\IntelliJ IDEA 2024.1\jbr\bin\server\jvm.dll
0x00007ff928250000 - 0x00007ff928302000 	C:\WINDOWS\System32\ADVAPI32.dll
0x00007ff928a60000 - 0x00007ff928b08000 	C:\WINDOWS\System32\sechost.dll
0x00007ff926330000 - 0x00007ff926358000 	C:\WINDOWS\System32\bcrypt.dll
0x00007ff927a40000 - 0x00007ff927b55000 	C:\WINDOWS\System32\RPCRT4.dll
0x00007ff924df0000 - 0x00007ff924e3d000 	C:\WINDOWS\SYSTEM32\POWRPROF.dll
0x00007ff8e54b0000 - 0x00007ff8e54b9000 	C:\WINDOWS\SYSTEM32\WSOCK32.dll
0x00007ff928170000 - 0x00007ff9281e1000 	C:\WINDOWS\System32\WS2_32.dll
0x00007ff9135b0000 - 0x00007ff9135ba000 	C:\WINDOWS\SYSTEM32\VERSION.dll
0x00007ff918b90000 - 0x00007ff918bc4000 	C:\WINDOWS\SYSTEM32\WINMM.dll
0x00007ff924dd0000 - 0x00007ff924de3000 	C:\WINDOWS\SYSTEM32\UMPDC.dll
0x00007ff925080000 - 0x00007ff925098000 	C:\WINDOWS\SYSTEM32\kernel.appcore.dll
0x00007ff910ae0000 - 0x00007ff910aea000 	D:\dell\idea\IntelliJ IDEA 2024.1\jbr\bin\jimage.dll
0x00007ff923160000 - 0x00007ff923393000 	C:\WINDOWS\SYSTEM32\DBGHELP.DLL
0x00007ff926a40000 - 0x00007ff926dc8000 	C:\WINDOWS\System32\combase.dll
0x00007ff928b10000 - 0x00007ff928be7000 	C:\WINDOWS\System32\OLEAUT32.dll
0x00007ff910e80000 - 0x00007ff910eb2000 	C:\WINDOWS\SYSTEM32\dbgcore.DLL
0x00007ff926360000 - 0x00007ff9263d9000 	C:\WINDOWS\System32\bcryptPrimitives.dll
0x00007ff90f350000 - 0x00007ff90f375000 	D:\dell\idea\IntelliJ IDEA 2024.1\jbr\bin\java.dll
0x00007ff90f840000 - 0x00007ff90f858000 	D:\dell\idea\IntelliJ IDEA 2024.1\jbr\bin\zip.dll
0x00007ff9271e0000 - 0x00007ff927a3c000 	C:\WINDOWS\System32\SHELL32.dll
0x00007ff923ec0000 - 0x00007ff9247b9000 	C:\WINDOWS\SYSTEM32\windows.storage.dll
0x00007ff923d80000 - 0x00007ff923ebe000 	C:\WINDOWS\SYSTEM32\wintypes.dll
0x00007ff928340000 - 0x00007ff928433000 	C:\WINDOWS\System32\SHCORE.dll
0x00007ff927c20000 - 0x00007ff927c7e000 	C:\WINDOWS\System32\shlwapi.dll
0x00007ff925e80000 - 0x00007ff925ea1000 	C:\WINDOWS\SYSTEM32\profapi.dll
0x00007ff90f0d0000 - 0x00007ff90f0e9000 	D:\dell\idea\IntelliJ IDEA 2024.1\jbr\bin\net.dll
0x00007ff91b210000 - 0x00007ff91b346000 	C:\WINDOWS\SYSTEM32\WINHTTP.dll
0x00007ff9254f0000 - 0x00007ff925559000 	C:\WINDOWS\system32\mswsock.dll
0x00007ff90f0b0000 - 0x00007ff90f0c6000 	D:\dell\idea\IntelliJ IDEA 2024.1\jbr\bin\nio.dll
0x00007ff924ad0000 - 0x00007ff924afd000 	C:\WINDOWS\SYSTEM32\IPHLPAPI.DLL
0x00007ff927c80000 - 0x00007ff927c89000 	C:\WINDOWS\System32\NSI.dll
0x00007ff91b770000 - 0x00007ff91b789000 	C:\WINDOWS\SYSTEM32\dhcpcsvc6.DLL
0x00007ff91b750000 - 0x00007ff91b76f000 	C:\WINDOWS\SYSTEM32\dhcpcsvc.DLL
0x00007ff924b00000 - 0x00007ff924bf9000 	C:\WINDOWS\SYSTEM32\DNSAPI.dll
0x00007ff925760000 - 0x00007ff92577b000 	C:\WINDOWS\SYSTEM32\CRYPTSP.dll
0x00007ff924fe0000 - 0x00007ff925015000 	C:\WINDOWS\system32\rsaenh.dll
0x00007ff9255f0000 - 0x00007ff925618000 	C:\WINDOWS\SYSTEM32\USERENV.dll
0x00007ff925750000 - 0x00007ff92575c000 	C:\WINDOWS\SYSTEM32\CRYPTBASE.dll
0x00007ff90e820000 - 0x00007ff90e829000 	D:\dell\idea\IntelliJ IDEA 2024.1\jbr\bin\extnet.dll
0x00007ff90d010000 - 0x00007ff90d017000 	D:\dell\idea\IntelliJ IDEA 2024.1\jbr\bin\rmi.dll
0x00007ff91b6f0000 - 0x00007ff91b6fa000 	C:\Windows\System32\rasadhlp.dll
0x00007ff9149e0000 - 0x00007ff914a63000 	C:\WINDOWS\System32\fwpuclnt.dll
0x00007ff90f0a0000 - 0x00007ff90f0ae000 	D:\dell\idea\IntelliJ IDEA 2024.1\jbr\bin\sunmscapi.dll
0x00007ff9267f0000 - 0x00007ff926957000 	C:\WINDOWS\System32\CRYPT32.dll
0x00007ff9258f0000 - 0x00007ff92591e000 	C:\WINDOWS\SYSTEM32\ncrypt.dll
0x00007ff9258b0000 - 0x00007ff9258e7000 	C:\WINDOWS\SYSTEM32\NTASN1.dll

dbghelp: loaded successfully - version: 4.0.5 - missing functions: none
symbol engine: initialized successfully - sym options: 0x614 - pdb path: .;D:\dell\idea\IntelliJ IDEA 2024.1\jbr\bin;C:\WINDOWS\SYSTEM32;C:\WINDOWS\WinSxS\amd64_microsoft.windows.common-controls_6595b64144ccf1df_6.0.22621.3235_none_270f74e173860f98;D:\dell\idea\IntelliJ IDEA 2024.1\jbr\bin\server

VM Arguments:
jvm_args: -Djava.rmi.server.hostname=127.0.0.1 -Duser.timezone=UTC -Xmx2048m -Xms128m -Djdbc.classpath=D:\dell\idea\IntelliJ IDEA 2024.1\plugins\DatabaseTools\lib\jdbc-console.jar;C:\Users\dell\AppData\Roaming\JetBrains\IntelliJIdea2024.1\jdbc-drivers\MySQL ConnectorJ\8.2.0\com\mysql\mysql-connector-j\8.2.0\mysql-connector-j-8.2.0.jar;C:\Users\dell\AppData\Roaming\JetBrains\IntelliJIdea2024.1\jdbc-drivers\MySQL ConnectorJ\8.2.0\com\google\protobuf\protobuf-java\3.21.9\protobuf-java-3.21.9.jar --add-exports=java.desktop/sun.awt=ALL-UNNAMED --add-exports=java.desktop/java.awt.peer=ALL-UNNAMED --add-opens=java.desktop/java.awt=ALL-UNNAMED --add-opens=jdk.unsupported/sun.misc=ALL-UNNAMED --add-opens=java.base/java.nio=ALL-UNNAMED --add-opens=java.base/java.util=ALL-UNNAMED -Dfile.encoding=UTF-8 
java_command: com.intellij.database.remote.RemoteJdbcServer com.mysql.cj.jdbc.Driver
java_class_path (initial): D:\dell\idea\IntelliJ IDEA 2024.1\lib\util_rt.jar;D:\dell\idea\IntelliJ IDEA 2024.1\lib\util-8.jar;D:\dell\idea\IntelliJ IDEA 2024.1\lib\groovy.jar;D:\dell\idea\IntelliJ IDEA 2024.1\plugins\DatabaseTools\lib\jdbc-console.jar;D:\dell\idea\IntelliJ IDEA 2024.1\plugins\grid-core-impl\lib\jdbc-console-types.jar;D:\dell\idea\IntelliJ IDEA 2024.1\lib\util.jar
Launcher Type: SUN_STANDARD

[Global flags]
     intx CICompilerCount                          = 4                                         {product} {ergonomic}
     uint ConcGCThreads                            = 2                                         {product} {ergonomic}
     uint G1ConcRefinementThreads                  = 8                                         {product} {ergonomic}
   size_t G1HeapRegionSize                         = 1048576                                   {product} {ergonomic}
    uintx GCDrainStackTargetSize                   = 64                                        {product} {ergonomic}
   size_t InitialHeapSize                          = 134217728                                 {product} {command line}
   size_t MarkStackSize                            = 4194304                                   {product} {ergonomic}
   size_t MaxHeapSize                              = 2147483648                                {product} {command line}
   size_t MaxNewSize                               = 1287651328                                {product} {ergonomic}
   size_t MinHeapDeltaBytes                        = 1048576                                   {product} {ergonomic}
   size_t MinHeapSize                              = 134217728                                 {product} {command line}
    uintx NonNMethodCodeHeapSize                   = 5839372                                {pd product} {ergonomic}
    uintx NonProfiledCodeHeapSize                  = 122909434                              {pd product} {ergonomic}
    uintx ProfiledCodeHeapSize                     = 122909434                              {pd product} {ergonomic}
    uintx ReservedCodeCacheSize                    = 251658240                              {pd product} {ergonomic}
     bool SegmentedCodeCache                       = true                                      {product} {ergonomic}
   size_t SoftMaxHeapSize                          = 2147483648                             {manageable} {ergonomic}
     bool UseCompressedClassPointers               = true                           {product lp64_product} {ergonomic}
     bool UseCompressedOops                        = true                           {product lp64_product} {ergonomic}
     bool UseG1GC                                  = true                                      {product} {ergonomic}
     bool UseLargePagesIndividualAllocation        = false                                  {pd product} {ergonomic}

Logging:
Log output configuration:
 #0: stdout all=warning uptime,level,tags
 #1: stderr all=off uptime,level,tags

Environment Variables:
JAVA_HOME=E:\Java\java8\jdk1.8.0_202
CLASSPATH=.;E:\Java\java8\jdk1.8.0_202\lib\dt.jar;E:\Java\java8\jdk1.8.0_202\lib\tools.jar;
PATH=E:\Computer\mac\bin\;E:\Java\java8\jdk1.8.0_202\bin;C:\Program Files (x86)\Common Files\Oracle\Java\javapath;C:\Program Files\Common Files\Oracle\Java\javapath;E:\Computer\LaTex\CTEX\Ghostscript\gs9.05\bin;E:\Computer\LaTex\CTEX\GSview\gsview;E:\Computer\LaTex\CTEX\WinEdt;C:\Program Files\dotnet\;C:\WINDOWS\system32;C:\WINDOWS;C:\WINDOWS\System32\Wbem;C:\WINDOWS\System32\WindowsPowerShell\v1.0\;C:\WINDOWS\System32\OpenSSH\;E:\Computer\git\git\Git\cmd;C:\ProgramData\chocolatey\bin;E:\Maven\apache-maven-3.9.6\bin;C:\Users\dell\AppData\Local\Programs\Python\Python310\Scripts\;C:\Users\dell\AppData\Local\Programs\Python\Python310\;C:\Users\dell\AppData\Local\Microsoft\WindowsApps;C:\Users\dell\AppData\Local\Programs\Microsoft VS Code\bin;C:\Users\dell\AppData\Local\Programs\MiKTeX\miktex\bin\;E:\Python\pycharm\PyCharm Community Edition 2022.1.3\bin;;E:\Java\idea\programm\IntelliJ IDEA Community Edition 2022.2.1\bin;;C:\Program Files\JetBrains\PyCharm 2023.2.1\bin;;E:\MySQL\mysql-8.3.0-winx64\mysql-8.3.0-winx64\bin;;D:\dell\idea\IntelliJ IDEA 2024.1\bin;
USERNAME=dell
OS=Windows_NT
PROCESSOR_IDENTIFIER=Intel64 Family 6 Model 165 Stepping 2, GenuineIntel
TMP=C:\Users\dell\AppData\Local\Temp
TEMP=C:\Users\dell\AppData\Local\Temp



Periodic native trim disabled

JNI global refs:
JNI global refs: 18, weak refs: 0

JNI global refs memory usage: 843, weak refs: 209

OOME stack traces (most recent first):
Classloader memory used:
Loader bootstrap                                                                       : 2408K
Loader com.intellij.database.remote.jdbc.impl.JdbcClassLoader$JdbcClassLoaderImpl      : 332K
Loader jdk.internal.loader.ClassLoaders$AppClassLoader                                 : 216K
Loader jdk.internal.loader.ClassLoaders$PlatformClassLoader                            : 95082B
Loader jdk.internal.reflect.DelegatingClassLoader                                      : 20344B


---------------  S Y S T E M  ---------------

OS:
 Windows 11 , 64 bit Build 22621 (10.0.22621.3374)
OS uptime: 1 days 9:28 hours

CPU: total 8 (initial active 8) (4 cores per cpu, 2 threads per core) family 6 model 165 stepping 2 microcode 0xf8, cx8, cmov, fxsr, ht, mmx, 3dnowpref, sse, sse2, sse3, ssse3, sse4.1, sse4.2, popcnt, lzcnt, tsc, tscinvbit, avx, avx2, aes, erms, clmul, bmi1, bmi2, adx, fma, vzeroupper, clflush, clflushopt
Processor Information for all 8 processors :
  Max Mhz: 2400, Current Mhz: 2400, Mhz Limit: 2400

Memory: 4k page, system-wide physical 7985M (301M free)
TotalPageFile size 26735M (AvailPageFile size 110M)
current process WorkingSet (physical memory assigned to process): 37M, peak: 122M
current process commit charge ("private bytes"): 252M, peak: 267M

vm_info: OpenJDK 64-Bit Server VM (17.0.10+8-b1207.12) for windows-amd64 JRE (17.0.10+8-b1207.12), built on 2024-03-15 by "builduser" with MS VC++ 16.10 / 16.11 (VS2019)

END.
